<?xml version="1.0" encoding="UTF-8"?>
<coverage generated="1675189204820" clover="3.2.0">
  <project timestamp="1675189204820" name="All files">
    <metrics statements="28" coveredstatements="18" conditionals="4" coveredconditionals="0" methods="8" coveredmethods="4" elements="40" coveredelements="22" complexity="0" loc="28" ncloc="28" packages="1" files="4" classes="4"/>
    <file name="app.js" path="C:\Users\Don_2\Desktop\ASG\training\training\Course 13\Exercise Files\Ch_05\05_01\start\src\app.js">
      <metrics statements="5" coveredstatements="5" conditionals="0" coveredconditionals="0" methods="0" coveredmethods="0"/>
      <line num="6" count="1" type="stmt"/>
      <line num="8" count="1" type="stmt"/>
      <line num="10" count="1" type="stmt"/>
      <line num="12" count="1" type="stmt"/>
      <line num="14" count="1" type="stmt"/>
    </file>
    <file name="dictionary-routes.js" path="C:\Users\Don_2\Desktop\ASG\training\training\Course 13\Exercise Files\Ch_05\05_01\start\src\dictionary-routes.js">
      <metrics statements="12" coveredstatements="9" conditionals="0" coveredconditionals="0" methods="4" coveredmethods="3"/>
      <line num="3" count="2" type="stmt"/>
      <line num="6" count="2" type="stmt"/>
      <line num="7" count="2" type="stmt"/>
      <line num="8" count="1" type="stmt"/>
      <line num="11" count="2" type="stmt"/>
      <line num="12" count="0" type="stmt"/>
      <line num="13" count="0" type="stmt"/>
      <line num="14" count="0" type="stmt"/>
      <line num="20" count="2" type="stmt"/>
      <line num="21" count="3" type="stmt"/>
      <line num="22" count="1" type="stmt"/>
      <line num="23" count="1" type="stmt"/>
    </file>
    <file name="index.js" path="C:\Users\Don_2\Desktop\ASG\training\training\Course 13\Exercise Files\Ch_05\05_01\start\src\index.js">
      <metrics statements="2" coveredstatements="1" conditionals="0" coveredconditionals="0" methods="1" coveredmethods="0"/>
      <line num="3" count="1" type="stmt"/>
      <line num="4" count="0" type="stmt"/>
    </file>
    <file name="lib.js" path="C:\Users\Don_2\Desktop\ASG\training\training\Course 13\Exercise Files\Ch_05\05_01\start\src\lib.js">
      <metrics statements="9" coveredstatements="3" conditionals="4" coveredconditionals="0" methods="3" coveredmethods="1"/>
      <line num="4" count="2" type="stmt"/>
      <line num="5" count="1" type="stmt"/>
      <line num="10" count="0" type="cond" truecount="0" falsecount="2"/>
      <line num="11" count="0" type="stmt"/>
      <line num="17" count="2" type="stmt"/>
      <line num="18" count="0" type="stmt"/>
      <line num="19" count="0" type="cond" truecount="0" falsecount="2"/>
      <line num="20" count="0" type="stmt"/>
      <line num="22" count="0" type="stmt"/>
    </file>
  </project>
</coverage>
