{"C:\\Users\\Don_2\\Desktop\\ASG\\training\\training\\Course 13\\Exercise Files\\Ch_05\\05_01\\start\\src\\app.js": {"path":"C:\\Users\\Don_2\\Desktop\\ASG\\training\\training\\Course 13\\Exercise Files\\Ch_05\\05_01\\start\\src\\app.js","statementMap":{"0":{"start":{"line":6,"column":12},"end":{"line":6,"column":21}},"1":{"start":{"line":8,"column":0},"end":{"line":8,"column":27}},"2":{"start":{"line":10,"column":0},"end":{"line":10,"column":16}},"3":{"start":{"line":12,"column":0},"end":{"line":12,"column":37}},"4":{"start":{"line":14,"column":0},"end":{"line":14,"column":41}}},"fnMap":{},"branchMap":{},"s":{"0":1,"1":1,"2":1,"3":1,"4":1},"f":{},"b":{},"_coverageSchema":"1a1c01bbd47fc00a2c39e90264f33305004495a9","hash":"5d54da304f0cb574d41c60421aa03658a557b336"}
,"C:\\Users\\Don_2\\Desktop\\ASG\\training\\training\\Course 13\\Exercise Files\\Ch_05\\05_01\\start\\src\\dictionary-routes.js": {"path":"C:\\Users\\Don_2\\Desktop\\ASG\\training\\training\\Course 13\\Exercise Files\\Ch_05\\05_01\\start\\src\\dictionary-routes.js","statementMap":{"0":{"start":{"line":3,"column":15},"end":{"line":3,"column":26}},"1":{"start":{"line":6,"column":15},"end":{"line":6,"column":27}},"2":{"start":{"line":7,"column":0},"end":{"line":9,"column":3}},"3":{"start":{"line":8,"column":2},"end":{"line":8,"column":21}},"4":{"start":{"line":11,"column":0},"end":{"line":18,"column":3}},"5":{"start":{"line":12,"column":2},"end":{"line":12,"column":26}},"6":{"start":{"line":13,"column":2},"end":{"line":13,"column":9}},"7":{"start":{"line":14,"column":2},"end":{"line":17,"column":5}},"8":{"start":{"line":20,"column":0},"end":{"line":28,"column":3}},"9":{"start":{"line":21,"column":2},"end":{"line":21,"column":68}},"10":{"start":{"line":21,"column":38},"end":{"line":21,"column":66}},"11":{"start":{"line":22,"column":2},"end":{"line":22,"column":9}},"12":{"start":{"line":23,"column":2},"end":{"line":27,"column":5}}},"fnMap":{"0":{"name":"(anonymous_0)","decl":{"start":{"line":7,"column":16},"end":{"line":7,"column":17}},"loc":{"start":{"line":7,"column":30},"end":{"line":9,"column":1}},"line":7},"1":{"name":"(anonymous_1)","decl":{"start":{"line":11,"column":17},"end":{"line":11,"column":18}},"loc":{"start":{"line":11,"column":31},"end":{"line":18,"column":1}},"line":11},"2":{"name":"(anonymous_2)","decl":{"start":{"line":20,"column":24},"end":{"line":20,"column":25}},"loc":{"start":{"line":20,"column":38},"end":{"line":28,"column":1}},"line":20},"3":{"name":"(anonymous_3)","decl":{"start":{"line":21,"column":29},"end":{"line":21,"column":30}},"loc":{"start":{"line":21,"column":38},"end":{"line":21,"column":66}},"line":21}},"branchMap":{},"s":{"0":2,"1":2,"2":2,"3":1,"4":2,"5":0,"6":0,"7":0,"8":2,"9":1,"10":3,"11":1,"12":1},"f":{"0":1,"1":0,"2":1,"3":3},"b":{},"_coverageSchema":"1a1c01bbd47fc00a2c39e90264f33305004495a9","hash":"e5107802ec5ac7c6d791e9a5a07c7a11044e40c4"}
,"C:\\Users\\Don_2\\Desktop\\ASG\\training\\training\\Course 13\\Exercise Files\\Ch_05\\05_01\\start\\src\\index.js": {"path":"C:\\Users\\Don_2\\Desktop\\ASG\\training\\training\\Course 13\\Exercise Files\\Ch_05\\05_01\\start\\src\\index.js","statementMap":{"0":{"start":{"line":3,"column":0},"end":{"line":5,"column":3}},"1":{"start":{"line":4,"column":2},"end":{"line":4,"column":57}}},"fnMap":{"0":{"name":"(anonymous_0)","decl":{"start":{"line":3,"column":17},"end":{"line":3,"column":18}},"loc":{"start":{"line":3,"column":23},"end":{"line":5,"column":1}},"line":3}},"branchMap":{},"s":{"0":1,"1":0},"f":{"0":0},"b":{},"_coverageSchema":"1a1c01bbd47fc00a2c39e90264f33305004495a9","hash":"ed16c598779539f1d9c6ced5758d5bbb2c21d629"}
,"C:\\Users\\Don_2\\Desktop\\ASG\\training\\training\\Course 13\\Exercise Files\\Ch_05\\05_01\\start\\src\\lib.js": {"path":"C:\\Users\\Don_2\\Desktop\\ASG\\training\\training\\Course 13\\Exercise Files\\Ch_05\\05_01\\start\\src\\lib.js","statementMap":{"0":{"start":{"line":4,"column":20},"end":{"line":15,"column":1}},"1":{"start":{"line":5,"column":2},"end":{"line":14,"column":4}},"2":{"start":{"line":10,"column":6},"end":{"line":12,"column":7}},"3":{"start":{"line":11,"column":8},"end":{"line":11,"column":20}},"4":{"start":{"line":17,"column":22},"end":{"line":23,"column":1}},"5":{"start":{"line":18,"column":2},"end":{"line":18,"column":54}},"6":{"start":{"line":19,"column":2},"end":{"line":21,"column":3}},"7":{"start":{"line":20,"column":4},"end":{"line":20,"column":26}},"8":{"start":{"line":22,"column":2},"end":{"line":22,"column":9}}},"fnMap":{"0":{"name":"(anonymous_0)","decl":{"start":{"line":4,"column":20},"end":{"line":4,"column":21}},"loc":{"start":{"line":4,"column":34},"end":{"line":15,"column":1}},"line":4},"1":{"name":"(anonymous_1)","decl":{"start":{"line":9,"column":4},"end":{"line":9,"column":5}},"loc":{"start":{"line":9,"column":15},"end":{"line":13,"column":5}},"line":9},"2":{"name":"(anonymous_2)","decl":{"start":{"line":17,"column":22},"end":{"line":17,"column":23}},"loc":{"start":{"line":17,"column":42},"end":{"line":23,"column":1}},"line":17}},"branchMap":{"0":{"loc":{"start":{"line":10,"column":6},"end":{"line":12,"column":7}},"type":"if","locations":[{"start":{"line":10,"column":6},"end":{"line":12,"column":7}},{"start":{},"end":{}}],"line":10},"1":{"loc":{"start":{"line":19,"column":2},"end":{"line":21,"column":3}},"type":"if","locations":[{"start":{"line":19,"column":2},"end":{"line":21,"column":3}},{"start":{},"end":{}}],"line":19}},"s":{"0":2,"1":1,"2":0,"3":0,"4":2,"5":0,"6":0,"7":0,"8":0},"f":{"0":1,"1":0,"2":0},"b":{"0":[0,0],"1":[0,0]},"_coverageSchema":"1a1c01bbd47fc00a2c39e90264f33305004495a9","hash":"d9bf669c77b397486178bfa0222261b6a934ec18"}
}
